<?xml version="1.0" encoding="UTF-8"?>
<!-- Generated by org.testng.reporters.JUnitReportReporter -->
<testsuite hostname="DESKTOP-QDV9EE5" failures="0" tests="2" name="com.TestNG.CrossBrowserTesting" time="17.331" errors="0" timestamp="2024-12-23T15:08:29 IST" skipped="0">
  <testcase classname="com.TestNG.CrossBrowserTesting" name="launchBrowser" time="9.302"/>
  <testcase classname="com.TestNG.CrossBrowserTesting" name="launchBrowser" time="8.029"/>
</testsuite> <!-- com.TestNG.CrossBrowserTesting -->
