<?xml version="1.0" encoding="UTF-8"?>
<!-- Generated by org.testng.reporters.JUnitReportReporter -->
<testsuite hostname="DESKTOP-QDV9EE5" failures="0" tests="2" name="com.TestNG.CrossBrowserTesting" time="11.523" errors="0" timestamp="2024-12-23T15:10:09 IST" skipped="0">
  <testcase classname="com.TestNG.CrossBrowserTesting" name="launchBrowser" time="6.930"/>
  <testcase classname="com.TestNG.CrossBrowserTesting" name="launchBrowser" time="4.593"/>
</testsuite> <!-- com.TestNG.CrossBrowserTesting -->
